<?xml version="1.0" encoding="UTF-8"?>
<!-- Generated by org.testng.reporters.JUnitReportReporter -->
<testsuite hostname="USER-20150318SK" name="com.huice.auto.framework.driver.aa" tests="1" failures="0" timestamp="28 May 2016 09:57:54 GMT" time="0.024" errors="0">
  <testcase name="aaa" time="0.024" classname="com.huice.auto.framework.driver.aa"/>
</testsuite> <!-- com.huice.auto.framework.driver.aa -->
