<?xml version="1.0" encoding="UTF-8"?>
<!-- Generated by org.testng.reporters.JUnitReportReporter -->
<testsuite hostname="USER-20150318SK" name="LoginClass.LoginClass" tests="6" failures="0" timestamp="29 May 2016 13:37:18 GMT" time="10.277" errors="0">
  <testcase name="loginisEmpty" time="3.292" classname="LoginClass.LoginClass"/>
  <testcase name="loginisEmpty" time="0.588" classname="LoginClass.LoginClass"/>
  <testcase name="LoginPasswordFailedTestCase" time="4.375" classname="LoginClass.LoginClass"/>
  <testcase name="LogoutTestCase" time="0.484" classname="LoginClass.LoginClass"/>
  <testcase name="loginisEmpty" time="0.613" classname="LoginClass.LoginClass"/>
  <testcase name="LoginTestCase" time="0.925" classname="LoginClass.LoginClass"/>
</testsuite> <!-- LoginClass.LoginClass -->
