<?xml version="1.0" encoding="UTF-8"?>
<!-- Generated by org.testng.reporters.JUnitReportReporter -->
<testsuite hostname="USER-20150318SK" name="testcase.MessageTestClass" tests="1" failures="0" timestamp="4 Jun 2016 10:32:58 GMT" time="14.690" errors="0">
  <testcase name="messageTestCase" time="14.690" classname="testcase.MessageTestClass"/>
</testsuite> <!-- testcase.MessageTestClass -->
