<?xml version="1.0" encoding="UTF-8"?>
<!-- Generated by org.testng.reporters.JUnitReportReporter -->
<testsuite hostname="USER-20150318SK" name="testcase.LoginTestClass" tests="1" failures="0" timestamp="4 Jun 2016 10:32:58 GMT" time="4.919" errors="0">
  <testcase name="LoginTest" time="4.919" classname="testcase.LoginTestClass"/>
</testsuite> <!-- testcase.LoginTestClass -->
