<?xml version="1.0" encoding="UTF-8"?>
<!-- Generated by org.testng.reporters.JUnitReportReporter -->
<testsuite hostname="USER-20150318SK" name="testcase.ModifyInfoTestClass" tests="1" failures="0" timestamp="4 Jun 2016 10:32:58 GMT" time="14.936" errors="0">
  <testcase name="modifyInfoTestCase" time="14.936" classname="testcase.ModifyInfoTestClass"/>
</testsuite> <!-- testcase.ModifyInfoTestClass -->
